ZXingLibDemo/build/outputs/logs/manifest-merger-debug-report.txt
-- Merging decision tree log ---
manifest
ADDED from qrcode_material-master\ZXingLibDemo\AndroidManifest.xml:2:1-82:12
	package
		ADDED from qrcode_material-master\ZXingLibDemo\AndroidManifest.xml:4:2-49
	android:versionName
		ADDED from qrcode_material-master\ZXingLibDemo\AndroidManifest.xml:6:2-27
		INJECTED from qrcode_material-master\ZXingLibDemo\AndroidManifest.xml
		INJECTED from qrcode_material-master\ZXingLibDemo\AndroidManifest.xml
	xmlns:tools
		ADDED from qrcode_material-master\ZXingLibDemo\AndroidManifest.xml:3:2-48
	android:versionCode
		ADDED from qrcode_material-master\ZXingLibDemo\AndroidManifest.xml:5:2-25
		INJECTED from qrcode_material-master\ZXingLibDemo\AndroidManifest.xml
		INJECTED from qrcode_material-master\ZXingLibDemo\AndroidManifest.xml
	xmlns:android
		ADDED from qrcode_material-master\ZXingLibDemo\AndroidManifest.xml:2:11-69
uses-sdk
ADDED from qrcode_material-master\ZXingLibDemo\AndroidManifest.xml:7:2-9:6
MERGED from [qrcode_material-master:ZXingLib:unspecified] AndroidManifest.xml:7:5-9:41
MERGED from [com.android.support:cardview-v7:21.0.0] AndroidManifest.xml:15:5-42
MERGED from [com.android.support:recyclerview-v7:23.1.1] AndroidManifest.xml:20:5-43
MERGED from [com.android.support:support-v4:23.1.1] AndroidManifest.xml:20:5-43
MERGED from [com.android.support:palette-v7:21.0.0] AndroidManifest.xml:15:5-42
MERGED from [com.android.support:support-v4:23.1.1] AndroidManifest.xml:20:5-43
MERGED from [com.android.support:cardview-v7:21.0.0] AndroidManifest.xml:15:5-42
MERGED from [com.android.support:recyclerview-v7:23.1.1] AndroidManifest.xml:20:5-43
MERGED from [com.android.support:support-v4:23.1.1] AndroidManifest.xml:20:5-43
MERGED from [com.android.support:palette-v7:21.0.0] AndroidManifest.xml:15:5-42
MERGED from [com.android.support:support-v4:23.1.1] AndroidManifest.xml:20:5-43
MERGED from [com.android.support:appcompat-v7:23.1.1] AndroidManifest.xml:20:5-43
MERGED from [com.android.support:support-v4:23.1.1] AndroidManifest.xml:20:5-43
MERGED from [com.android.support:design:23.1.1] AndroidManifest.xml:20:5-43
MERGED from [com.android.support:appcompat-v7:23.1.1] AndroidManifest.xml:20:5-43
MERGED from [com.android.support:support-v4:23.1.1] AndroidManifest.xml:20:5-43
MERGED from [com.android.support:recyclerview-v7:23.1.1] AndroidManifest.xml:20:5-43
MERGED from [com.android.support:support-v4:23.1.1] AndroidManifest.xml:20:5-43
MERGED from [com.android.support:support-v4:23.1.1] AndroidManifest.xml:20:5-43
MERGED from [com.getbase:floatingactionbutton:1.10.1] AndroidManifest.xml:8:5-10:41
MERGED from [com.pushbots:pushbots-lib:2.0.13] AndroidManifest.xml:7:5-9:41
	android:targetSdkVersion
		ADDED from qrcode_material-master\ZXingLibDemo\AndroidManifest.xml:8:3-32
		INJECTED from qrcode_material-master\ZXingLibDemo\AndroidManifest.xml
		INJECTED from qrcode_material-master\ZXingLibDemo\AndroidManifest.xml
	android:minSdkVersion
		ADDED from qrcode_material-master\ZXingLibDemo\AndroidManifest.xml:7:12-38
		INJECTED from qrcode_material-master\ZXingLibDemo\AndroidManifest.xml
		INJECTED from qrcode_material-master\ZXingLibDemo\AndroidManifest.xml
supports-screens
ADDED from qrcode_material-master\ZXingLibDemo\AndroidManifest.xml:10:2-12:31
MERGED from [qrcode_material-master:ZXingLib:unspecified] AndroidManifest.xml:11:5-15:39
	android:largeScreens
		ADDED from qrcode_material-master\ZXingLibDemo\AndroidManifest.xml:10:20-47
	android:smallScreens
		ADDED from qrcode_material-master\ZXingLibDemo\AndroidManifest.xml:11:32-59
	android:normalScreens
		ADDED from qrcode_material-master\ZXingLibDemo\AndroidManifest.xml:11:3-31
	android:anyDensity
		ADDED from qrcode_material-master\ZXingLibDemo\AndroidManifest.xml:12:3-28
uses-feature#android.hardware.camera
ADDED from qrcode_material-master\ZXingLibDemo\AndroidManifest.xml:13:2-57
MERGED from [qrcode_material-master:ZXingLib:unspecified] AndroidManifest.xml:17:5-60
	android:name
		ADDED from qrcode_material-master\ZXingLibDemo\AndroidManifest.xml:13:16-54
uses-permission#android.permission.INTERNET
ADDED from qrcode_material-master\ZXingLibDemo\AndroidManifest.xml:14:2-64
	android:name
		ADDED from qrcode_material-master\ZXingLibDemo\AndroidManifest.xml:14:19-61
uses-permission#android.permission.ACCESS_NETWORK_STATE
ADDED from qrcode_material-master\ZXingLibDemo\AndroidManifest.xml:15:2-76
	android:name
		ADDED from qrcode_material-master\ZXingLibDemo\AndroidManifest.xml:15:19-73
uses-permission#android.permission.GET_ACCOUNTS
ADDED from qrcode_material-master\ZXingLibDemo\AndroidManifest.xml:18:2-68
	android:name
		ADDED from qrcode_material-master\ZXingLibDemo\AndroidManifest.xml:18:19-65
uses-permission#android.permission.WAKE_LOCK
ADDED from qrcode_material-master\ZXingLibDemo\AndroidManifest.xml:19:2-65
	android:name
		ADDED from qrcode_material-master\ZXingLibDemo\AndroidManifest.xml:19:19-62
permission#jim.h.common.android.lib.zxing.sample.permission.C2D_MESSAGE
ADDED from qrcode_material-master\ZXingLibDemo\AndroidManifest.xml:20:2-128
	android:protectionLevel
		ADDED from qrcode_material-master\ZXingLibDemo\AndroidManifest.xml:20:90-125
	android:name
		ADDED from qrcode_material-master\ZXingLibDemo\AndroidManifest.xml:20:14-89
uses-permission#jim.h.common.android.lib.zxing.sample.permission.C2D_MESSAGE
ADDED from qrcode_material-master\ZXingLibDemo\AndroidManifest.xml:21:2-97
	android:name
		ADDED from qrcode_material-master\ZXingLibDemo\AndroidManifest.xml:21:19-94
uses-permission#com.google.android.c2dm.permission.RECEIVE
ADDED from qrcode_material-master\ZXingLibDemo\AndroidManifest.xml:23:2-79
	android:name
		ADDED from qrcode_material-master\ZXingLibDemo\AndroidManifest.xml:23:19-76
application
ADDED from qrcode_material-master\ZXingLibDemo\AndroidManifest.xml:25:2-74:16
MERGED from [qrcode_material-master:ZXingLib:unspecified] AndroidManifest.xml:27:5-36:19
MERGED from [com.android.support:cardview-v7:21.0.0] AndroidManifest.xml:16:5-19
MERGED from [com.android.support:support-v4:23.1.1] AndroidManifest.xml:22:5-20
MERGED from [com.android.support:palette-v7:21.0.0] AndroidManifest.xml:16:5-17:19
MERGED from [com.android.support:support-v4:23.1.1] AndroidManifest.xml:22:5-20
MERGED from [com.android.support:cardview-v7:21.0.0] AndroidManifest.xml:16:5-19
MERGED from [com.android.support:support-v4:23.1.1] AndroidManifest.xml:22:5-20
MERGED from [com.android.support:palette-v7:21.0.0] AndroidManifest.xml:16:5-17:19
MERGED from [com.android.support:support-v4:23.1.1] AndroidManifest.xml:22:5-20
MERGED from [com.android.support:appcompat-v7:23.1.1] AndroidManifest.xml:22:5-20
MERGED from [com.android.support:support-v4:23.1.1] AndroidManifest.xml:22:5-20
MERGED from [com.android.support:design:23.1.1] AndroidManifest.xml:22:5-20
MERGED from [com.android.support:appcompat-v7:23.1.1] AndroidManifest.xml:22:5-20
MERGED from [com.android.support:support-v4:23.1.1] AndroidManifest.xml:22:5-20
MERGED from [com.android.support:support-v4:23.1.1] AndroidManifest.xml:22:5-20
MERGED from [com.android.support:support-v4:23.1.1] AndroidManifest.xml:22:5-20
MERGED from [com.getbase:floatingactionbutton:1.10.1] AndroidManifest.xml:12:5-20
MERGED from [com.pushbots:pushbots-lib:2.0.13] AndroidManifest.xml:11:5-20
	android:label
		ADDED from qrcode_material-master\ZXingLibDemo\AndroidManifest.xml:25:45-77
		REJECTED from [qrcode_material-master:ZXingLib:unspecified] AndroidManifest.xml:29:9-50
	android:supportsRtl
		ADDED from qrcode_material-master\ZXingLibDemo\AndroidManifest.xml:28:3-29
	android:allowBackup
		ADDED from qrcode_material-master\ZXingLibDemo\AndroidManifest.xml:26:3-29
	android:icon
		ADDED from qrcode_material-master\ZXingLibDemo\AndroidManifest.xml:25:15-44
		REJECTED from [qrcode_material-master:ZXingLib:unspecified] AndroidManifest.xml:28:9-47
	android:theme
		ADDED from qrcode_material-master\ZXingLibDemo\AndroidManifest.xml:27:3-34
	tools:replace
		ADDED from qrcode_material-master\ZXingLibDemo\AndroidManifest.xml:29:3-59
activity#jim.h.common.android.lib.zxing.sample.ZXingLibSampleActivity
ADDED from qrcode_material-master\ZXingLibDemo\AndroidManifest.xml:30:3-44:14
	android:screenOrientation
		ADDED from qrcode_material-master\ZXingLibDemo\AndroidManifest.xml:34:4-40
	android:label
		ADDED from qrcode_material-master\ZXingLibDemo\AndroidManifest.xml:32:4-36
	android:configChanges
		ADDED from qrcode_material-master\ZXingLibDemo\AndroidManifest.xml:33:4-65
	android:theme
		ADDED from qrcode_material-master\ZXingLibDemo\AndroidManifest.xml:31:4-47
	tools:replace
		ADDED from qrcode_material-master\ZXingLibDemo\AndroidManifest.xml:35:4-47
	android:name
		ADDED from qrcode_material-master\ZXingLibDemo\AndroidManifest.xml:30:13-51
intent-filter#android.intent.category.DEFAULT+jim.h.common.android.lib.zxing.sample.MESSAGE
ADDED from qrcode_material-master\ZXingLibDemo\AndroidManifest.xml:36:4-39:20
action#jim.h.common.android.lib.zxing.sample.MESSAGE
ADDED from qrcode_material-master\ZXingLibDemo\AndroidManifest.xml:37:5-76
	android:name
		ADDED from qrcode_material-master\ZXingLibDemo\AndroidManifest.xml:37:13-73
category#android.intent.category.DEFAULT
ADDED from qrcode_material-master\ZXingLibDemo\AndroidManifest.xml:38:5-64
	android:name
		ADDED from qrcode_material-master\ZXingLibDemo\AndroidManifest.xml:38:15-61
intent-filter#android.intent.action.MAIN+android.intent.category.LAUNCHER
ADDED from qrcode_material-master\ZXingLibDemo\AndroidManifest.xml:40:4-43:20
action#android.intent.action.MAIN
ADDED from qrcode_material-master\ZXingLibDemo\AndroidManifest.xml:41:5-57
	android:name
		ADDED from qrcode_material-master\ZXingLibDemo\AndroidManifest.xml:41:13-54
category#android.intent.category.LAUNCHER
ADDED from qrcode_material-master\ZXingLibDemo\AndroidManifest.xml:42:5-65
	android:name
		ADDED from qrcode_material-master\ZXingLibDemo\AndroidManifest.xml:42:15-62
activity#jim.h.common.android.lib.zxing.sample.Contact_List_Main
ADDED from qrcode_material-master\ZXingLibDemo\AndroidManifest.xml:45:3-48:14
	android:name
		ADDED from qrcode_material-master\ZXingLibDemo\AndroidManifest.xml:45:13-46
activity#jim.h.common.android.lib.zxing.sample.Save
ADDED from qrcode_material-master\ZXingLibDemo\AndroidManifest.xml:49:3-52:14
	android:name
		ADDED from qrcode_material-master\ZXingLibDemo\AndroidManifest.xml:49:13-33
activity#jim.h.common.android.lib.zxing.sample.Event_Result
ADDED from qrcode_material-master\ZXingLibDemo\AndroidManifest.xml:53:3-54:14
	android:name
		ADDED from qrcode_material-master\ZXingLibDemo\AndroidManifest.xml:53:13-41
activity#jim.h.common.android.lib.zxing.sample.Account_verify
ADDED from qrcode_material-master\ZXingLibDemo\AndroidManifest.xml:55:3-56:14
	android:name
		ADDED from qrcode_material-master\ZXingLibDemo\AndroidManifest.xml:55:13-43
activity#jim.h.common.android.lib.zxing.CaptureActivity
ADDED from qrcode_material-master\ZXingLibDemo\AndroidManifest.xml:57:3-60:54
MERGED from [qrcode_material-master:ZXingLib:unspecified] AndroidManifest.xml:30:9-35:63
	android:screenOrientation
		ADDED from qrcode_material-master\ZXingLibDemo\AndroidManifest.xml:58:4-41
	android:windowSoftInputMode
		ADDED from qrcode_material-master\ZXingLibDemo\AndroidManifest.xml:60:4-51
	android:configChanges
		ADDED from qrcode_material-master\ZXingLibDemo\AndroidManifest.xml:58:42-92
	android:theme
		ADDED from qrcode_material-master\ZXingLibDemo\AndroidManifest.xml:59:4-62
	android:name
		ADDED from qrcode_material-master\ZXingLibDemo\AndroidManifest.xml:57:13-74
receiver#com.pushbots.google.gcm.GCMBroadcastReceiver
ADDED from qrcode_material-master\ZXingLibDemo\AndroidManifest.xml:61:3-71:14
	android:permission
		ADDED from qrcode_material-master\ZXingLibDemo\AndroidManifest.xml:63:4-64
	android:name
		ADDED from qrcode_material-master\ZXingLibDemo\AndroidManifest.xml:62:4-63
intent-filter#com.google.android.c2dm.intent.RECEIVE+com.google.android.c2dm.intent.REGISTRATION+csmit.cb.au
ADDED from qrcode_material-master\ZXingLibDemo\AndroidManifest.xml:64:4-70:20
action#com.google.android.c2dm.intent.RECEIVE
ADDED from qrcode_material-master\ZXingLibDemo\AndroidManifest.xml:66:5-69
	android:name
		ADDED from qrcode_material-master\ZXingLibDemo\AndroidManifest.xml:66:13-66
action#com.google.android.c2dm.intent.REGISTRATION
ADDED from qrcode_material-master\ZXingLibDemo\AndroidManifest.xml:68:5-74
	android:name
		ADDED from qrcode_material-master\ZXingLibDemo\AndroidManifest.xml:68:13-71
category#csmit.cb.au
ADDED from qrcode_material-master\ZXingLibDemo\AndroidManifest.xml:69:5-44
	android:name
		ADDED from qrcode_material-master\ZXingLibDemo\AndroidManifest.xml:69:15-41
receiver#com.pushbots.push.DefaultPushHandler
ADDED from qrcode_material-master\ZXingLibDemo\AndroidManifest.xml:72:3-67
	android:name
		ADDED from qrcode_material-master\ZXingLibDemo\AndroidManifest.xml:72:13-64
service#com.pushbots.push.GCMIntentService
ADDED from qrcode_material-master\ZXingLibDemo\AndroidManifest.xml:73:3-64
	android:name
		ADDED from qrcode_material-master\ZXingLibDemo\AndroidManifest.xml:73:12-61
uses-permission#android.permission.CAMERA
ADDED from qrcode_material-master\ZXingLibDemo\AndroidManifest.xml:76:2-62
MERGED from [qrcode_material-master:ZXingLib:unspecified] AndroidManifest.xml:19:5-65
	android:name
		ADDED from qrcode_material-master\ZXingLibDemo\AndroidManifest.xml:76:19-59
uses-permission#android.permission.WRITE_EXTERNAL_STORAGE
ADDED from qrcode_material-master\ZXingLibDemo\AndroidManifest.xml:77:2-78
MERGED from [qrcode_material-master:ZXingLib:unspecified] AndroidManifest.xml:20:5-81
	android:name
		ADDED from qrcode_material-master\ZXingLibDemo\AndroidManifest.xml:77:19-75
uses-permission#android.permission.CALL_PHONE
ADDED from qrcode_material-master\ZXingLibDemo\AndroidManifest.xml:78:2-66
	android:name
		ADDED from qrcode_material-master\ZXingLibDemo\AndroidManifest.xml:78:19-63
uses-feature#android.hardware.camera.autofocus
ADDED from qrcode_material-master\ZXingLibDemo\AndroidManifest.xml:79:2-67
MERGED from [qrcode_material-master:ZXingLib:unspecified] AndroidManifest.xml:22:5-70
	android:name
		ADDED from qrcode_material-master\ZXingLibDemo\AndroidManifest.xml:79:16-64
uses-permission#android.permission.VIBRATE
ADDED from qrcode_material-master\ZXingLibDemo\AndroidManifest.xml:80:2-63
MERGED from [qrcode_material-master:ZXingLib:unspecified] AndroidManifest.xml:24:5-66
	android:name
		ADDED from qrcode_material-master\ZXingLibDemo\AndroidManifest.xml:80:19-60
uses-permission#android.permission.FLASHLIGHT
ADDED from qrcode_material-master\ZXingLibDemo\AndroidManifest.xml:81:2-66
MERGED from [qrcode_material-master:ZXingLib:unspecified] AndroidManifest.xml:25:5-69
	android:name
		ADDED from qrcode_material-master\ZXingLibDemo\AndroidManifest.xml:81:19-63